<?xml version="1.0" encoding="UTF-8"?>
<testsuite name="com.bradcypert.ginger.PropertyMapSpec" tests="1" skipped="0" failures="0" errors="0" timestamp="2015-09-19T22:03:08" hostname="Brads-MBP-2.web-pass.com" time="0.104">
  <properties/>
  <testcase name="constructorShouldMapRequestPropertiesToPropertyMap" classname="com.bradcypert.ginger.PropertyMapSpec" time="0.104"/>
  <system-out><![CDATA[]]></system-out>
  <system-err><![CDATA[]]></system-err>
</testsuite>
