<?xml version="1.0" encoding="UTF-8"?>
<testsuite name="com.bradcypert.ginger.ResourceTest" tests="1" skipped="0" failures="0" errors="0" timestamp="2015-09-16T04:32:54" hostname="Brads-MBP-2.web-pass.com" time="0.001">
  <properties/>
  <testcase name="testGenerateRoutes" classname="com.bradcypert.ginger.ResourceTest" time="0.001"/>
  <system-out><![CDATA[!GET
!PUT
!POST
!DELETE
]]></system-out>
  <system-err><![CDATA[]]></system-err>
</testsuite>
