<?xml version="1.0" encoding="UTF-8"?>
<testsuite name="com.bradcypert.ginger.helpers.RequestHelpersSpec" tests="4" skipped="0" failures="0" errors="0" timestamp="2015-09-19T22:03:08" hostname="Brads-MBP-2.web-pass.com" time="0.006">
  <properties/>
  <testcase name="getParamShouldReturnTheParamWhenRequestContainsBodyParam" classname="com.bradcypert.ginger.helpers.RequestHelpersSpec" time="0.001"/>
  <testcase name="containsParamShouldReturnTrueWhenRequestContainsBodyParam" classname="com.bradcypert.ginger.helpers.RequestHelpersSpec" time="0.001"/>
  <testcase name="getParamShouldReturnTheParamWhenRequestContainsQueryParam" classname="com.bradcypert.ginger.helpers.RequestHelpersSpec" time="0.001"/>
  <testcase name="containsParamShouldReturnTrueWhenRequestContainsQueryParam" classname="com.bradcypert.ginger.helpers.RequestHelpersSpec" time="0.0"/>
  <system-out><![CDATA[]]></system-out>
  <system-err><![CDATA[]]></system-err>
</testsuite>
